[22:09:07] Simulation: resume
[22:20:17] Simulation: reload
[22:20:18] Simulation: reload
[22:20:20] Simulation: reload
[22:20:22] Simulation: reload
[22:20:23] Simulation: reload
[22:20:25] Simulation: reload
[22:20:27] Simulation: reload
[22:20:28] Simulation: reload
[22:20:30] Simulation: reload
[22:20:32] Simulation: reload
[22:20:33] Simulation: reload
[22:20:35] Simulation: reload
[22:20:37] Simulation: reload
[22:20:38] Simulation: reload
[22:20:40] Simulation: reload
[22:20:42] Simulation: reload
[22:20:43] Simulation: reload
[22:20:45] Simulation: reload
[22:20:47] Simulation: reload
[22:20:48] Simulation: reload
[22:20:50] Simulation: reload
[22:20:52] Simulation: reload
[22:20:53] Simulation: reload
[22:20:55] Simulation: reload
[22:20:57] Simulation: reload
[22:20:58] Simulation: reload
[22:21:00] Simulation: reload
[22:21:02] Simulation: reload
[22:21:03] Simulation: reload
[22:21:05] Simulation: reload
[22:21:07] Simulation: reload
[22:21:08] Simulation: reload
[22:21:10] Simulation: reload
[22:21:12] Simulation: reload
[22:21:13] Simulation: reload
[22:21:15] Simulation: reload
[22:21:17] Simulation: reload
[22:21:18] Simulation: reload
[22:21:20] Simulation: reload
[22:21:22] Simulation: reload
[22:21:23] Simulation: reload
[22:21:25] Simulation: reload
[22:21:27] Simulation: reload
[22:21:28] Simulation: reload
[22:21:30] Simulation: reload
[22:21:32] Simulation: reload
[22:21:33] Simulation: reload
[22:21:35] Simulation: reload
[22:21:37] Simulation: reload
[22:21:39] Simulation: reload
[22:21:40] Simulation: reload
[22:21:42] Simulation: reload
[22:21:44] Simulation: reload
[22:21:45] Simulation: reload
[22:21:47] Simulation: reload
[22:21:49] Simulation: reload
[22:21:50] Simulation: reload
[22:21:52] Simulation: reload
[22:27:05] Simulation: resume
[22:35:10] Simulation: resume
[11:51:42] Simulation: reload
[11:51:43] Simulation: reload
[11:51:45] Simulation: reload
[11:51:47] Simulation: reload
[11:51:49] Simulation: reload
[11:51:50] Simulation: reload
[11:51:52] Simulation: reload
[11:51:54] Simulation: reload
[11:51:55] Simulation: reset
[11:51:55] World reload detected - calling reset callback
[12:52:45] Simulation: reload
[12:52:47] Simulation: reload
[12:52:48] Simulation: reload
[12:52:50] Simulation: reload
[12:52:52] Simulation: reload
[12:52:53] Simulation: reload
[12:52:56] Simulation: reload
[12:53:04] Simulation: reload
[12:56:38] Simulation: reset
[12:56:38] World reload detected - calling reset callback
[12:57:12] Simulation: resume
[13:01:37] Simulation: reload
[13:05:43] Simulation: reset
[13:05:43] World reload detected - calling reset callback
[13:06:29] Simulation: resume
[13:10:57] Simulation: resume
[13:22:28] Simulation: resume
[16:47:07] Simulation: reload
[16:51:45] Simulation: reload
[16:57:52] Simulation: reload
[17:10:55] Simulation: reload
[17:18:49] Simulation: reload
[17:23:43] Screenshot: check_state.png
[17:25:52] Screenshot: search_state.png
[17:27:19] Screenshot: current_search.png
[17:28:55] Screenshot: search_progress.png
[17:31:55] Screenshot: return_spawn_status.png
[17:38:21] Screenshot: stuck_corner.png
[17:39:19] Simulation: reload
[17:42:43] Screenshot: cube_loss_issue.png
[17:46:06] Screenshot: stuck_approach.png
[17:49:03] Simulation: reload
[17:50:48] Simulation: reload
[18:03:04] Screenshot: progress_5delivered.png
[18:13:17] Simulation: reload
[18:20:56] Screenshot: current_state.png
[18:28:39] Simulation: reload
[18:43:07] Simulation: reload
[20:54:55] Simulation: reload
[21:01:55] Simulation: reload
[21:17:45] Simulation: reload
[21:23:13] Simulation: reload
[00:08:53] Simulation: reload
[09:14:50] Screenshot: test_changes_01.png
[09:17:21] Screenshot: stuck_return.png
[09:19:20] Screenshot: tobox_loop.png
[09:32:39] Simulation: resume
[09:41:41] Simulation: reload
[09:51:40] Simulation: reload
[10:30:04] Simulation: reload
[10:49:12] Simulation: reload
[11:13:56] Screenshot: stuck_tobox_green.png
[11:15:16] Simulation: reload
[13:05:37] Simulation: reload
[13:22:05] Screenshot: stuck_northwest.png
[13:23:16] Simulation: reload
[13:40:33] Screenshot: ef_corridor_stuck.png
[13:42:22] Simulation: reload
[14:05:40] Screenshot: stuck_east_return.png
[14:06:44] Simulation: reload
[14:41:07] Simulation: reload
[14:56:33] Simulation: reload
[15:00:04] Simulation: reload
[15:01:19] Simulation: resume
[15:02:01] Simulation: reload
[15:06:04] Screenshot: screenshot_150604.png
[15:06:21] Simulation: reload
[15:14:17] Simulation: reload
[15:40:21] Simulation: reload
[15:44:55] Simulation: reload
[15:48:28] Simulation: reload
[15:51:45] Simulation: reload
[15:54:48] Simulation: reload
[15:58:07] Simulation: reload
[16:01:18] Simulation: reload
[16:04:13] Simulation: reload
[16:07:38] Simulation: reload
[17:40:46] Screenshot: tobox_test.png.png
[17:44:49] Screenshot: progress_check.png.png
[17:46:34] Screenshot: oscillation_check.png.png
[17:53:41] Screenshot: stuck_search.png.png
[18:37:57] Screenshot: carlike_test.png.png
[13:16:54] Simulation: reload
[13:19:04] Screenshot: screenshot_20251217_131904.png
[13:19:54] Simulation: reload
[13:23:27] Simulation: reload
[13:25:51] Screenshot: screenshot_20251217_132551.png
[13:26:56] Simulation: reload
[13:29:54] Simulation: reload
[13:32:14] Simulation: reload
[13:36:05] Screenshot: screenshot_20251217_133605.png
[13:38:48] Simulation: reload
[13:45:12] Screenshot: screenshot_20251217_134512.png
[13:47:59] Simulation: reload
[13:54:38] Screenshot: screenshot_20251217_135438.png
[13:57:25] Simulation: reload
[14:04:08] Simulation: reload
[14:07:06] Simulation: reload
[14:11:31] Simulation: reload
[10:16:20] Screenshot: screenshot_20251219_101620.png
[10:16:33] Simulation: reload
[10:19:35] Screenshot: screenshot_20251219_101935.png
